<?xml version="1.0" encoding="UTF-8"?>
<testng-results ignored="0" total="1" passed="1" failed="0" skipped="0">
  <reporter-output>
  </reporter-output>
  <suite started-at="2024-03-12T12:29:00 PDT" name="Default suite" finished-at="2024-03-12T12:29:03 PDT" duration-ms="2480">
    <groups>
    </groups>
    <test started-at="2024-03-12T12:29:00 PDT" name="Default test" finished-at="2024-03-12T12:29:03 PDT" duration-ms="2480">
      <class name="interviewquestions.PathParamAndQueryParam">
        <test-method signature="PathParamAndQueryParam()[pri:0, instance:interviewquestions.PathParamAndQueryParam@72e5a8e]" started-at="2024-03-12T12:29:00 PDT" name="PathParamAndQueryParam" finished-at="2024-03-12T12:29:03 PDT" duration-ms="2406" status="PASS">
          <reporter-output>
          </reporter-output>
        </test-method> <!-- PathParamAndQueryParam -->
      </class> <!-- interviewquestions.PathParamAndQueryParam -->
    </test> <!-- Default test -->
  </suite> <!-- Default suite -->
</testng-results>
