<?xml version="1.0" encoding="UTF-8"?>
<testng-results ignored="0" total="1" passed="1" failed="0" skipped="0">
  <reporter-output>
  </reporter-output>
  <suite started-at="2024-09-04T10:31:24 PDT" name="Default suite" finished-at="2024-09-04T10:31:24 PDT" duration-ms="237">
    <groups>
    </groups>
    <test started-at="2024-09-04T10:31:24 PDT" name="Default test" finished-at="2024-09-04T10:31:24 PDT" duration-ms="237">
      <class name="com.testautomation.apitesting.test.PostAPIRequestUsingPojo">
        <test-method signature="postAPIRequest()[pri:0, instance:com.testautomation.apitesting.test.PostAPIRequestUsingPojo@942a29c]" started-at="2024-09-04T10:31:24 PDT" name="postAPIRequest" finished-at="2024-09-04T10:31:24 PDT" duration-ms="199" status="PASS">
          <reporter-output>
          </reporter-output>
        </test-method> <!-- postAPIRequest -->
      </class> <!-- com.testautomation.apitesting.test.PostAPIRequestUsingPojo -->
    </test> <!-- Default test -->
  </suite> <!-- Default suite -->
</testng-results>
